1528478114.737100 client started (19000): version 2.6, socket /tmp/tmux-1000/default, protocol 8
1528478114.737157 on Linux 4.15.0-20-generic #21-Ubuntu SMP Tue Apr 24 06:16:15 UTC 2018; libevent 2.1.8-stable (poll)
1528478114.737200 socket is /tmp/tmux-1000/default
1528478114.737225 trying connect
1528478114.737381 add peer 0x55a80068fad0: 6 ((nil))
1528478114.737502 sending message 100 to peer 0x55a80068fad0 (4 bytes)
1528478114.737523 sending message 101 to peer 0x55a80068fad0 (15 bytes)
1528478114.737534 sending message 102 to peer 0x55a80068fad0 (12 bytes)
1528478114.737544 sending message 108 to peer 0x55a80068fad0 (75 bytes)
1528478114.737556 sending message 104 to peer 0x55a80068fad0 (0 bytes)
1528478114.737567 sending message 107 to peer 0x55a80068fad0 (4 bytes)
1528478114.737578 sending message 105 to peer 0x55a80068fad0 (27 bytes)
1528478114.737588 sending message 105 to peer 0x55a80068fad0 (46 bytes)
1528478114.737599 sending message 105 to peer 0x55a80068fad0 (22 bytes)
1528478114.737609 sending message 105 to peer 0x55a80068fad0 (20 bytes)
1528478114.737619 sending message 105 to peer 0x55a80068fad0 (54 bytes)
1528478114.737630 sending message 105 to peer 0x55a80068fad0 (23 bytes)
1528478114.737640 sending message 105 to peer 0x55a80068fad0 (11 bytes)
1528478114.737650 sending message 105 to peer 0x55a80068fad0 (12 bytes)
1528478114.737696 sending message 105 to peer 0x55a80068fad0 (18 bytes)
1528478114.737712 sending message 105 to peer 0x55a80068fad0 (24 bytes)
1528478114.737722 sending message 105 to peer 0x55a80068fad0 (33 bytes)
1528478114.737732 sending message 105 to peer 0x55a80068fad0 (44 bytes)
1528478114.737742 sending message 105 to peer 0x55a80068fad0 (32 bytes)
1528478114.737752 sending message 105 to peer 0x55a80068fad0 (86 bytes)
1528478114.737762 sending message 105 to peer 0x55a80068fad0 (29 bytes)
1528478114.737772 sending message 105 to peer 0x55a80068fad0 (52 bytes)
1528478114.737782 sending message 105 to peer 0x55a80068fad0 (19 bytes)
1528478114.737792 sending message 105 to peer 0x55a80068fad0 (28 bytes)
1528478114.737801 sending message 105 to peer 0x55a80068fad0 (23 bytes)
1528478114.737811 sending message 105 to peer 0x55a80068fad0 (15 bytes)
1528478114.737821 sending message 105 to peer 0x55a80068fad0 (22 bytes)
1528478114.737830 sending message 105 to peer 0x55a80068fad0 (17 bytes)
1528478114.737840 sending message 105 to peer 0x55a80068fad0 (18 bytes)
1528478114.737849 sending message 105 to peer 0x55a80068fad0 (17 bytes)
1528478114.737863 sending message 105 to peer 0x55a80068fad0 (21 bytes)
1528478114.737873 sending message 105 to peer 0x55a80068fad0 (8 bytes)
1528478114.737883 sending message 105 to peer 0x55a80068fad0 (24 bytes)
1528478114.737893 sending message 105 to peer 0x55a80068fad0 (24 bytes)
1528478114.737902 sending message 105 to peer 0x55a80068fad0 (21 bytes)
1528478114.737912 sending message 105 to peer 0x55a80068fad0 (21 bytes)
1528478114.737922 sending message 105 to peer 0x55a80068fad0 (28 bytes)
1528478114.737931 sending message 105 to peer 0x55a80068fad0 (21 bytes)
1528478114.737941 sending message 105 to peer 0x55a80068fad0 (24 bytes)
1528478114.737951 sending message 105 to peer 0x55a80068fad0 (14 bytes)
1528478114.737960 sending message 105 to peer 0x55a80068fad0 (32 bytes)
1528478114.737971 sending message 105 to peer 0x55a80068fad0 (3385 bytes)
1528478114.738015 sending message 105 to peer 0x55a80068fad0 (82 bytes)
1528478114.738028 sending message 105 to peer 0x55a80068fad0 (11 bytes)
1528478114.738039 sending message 105 to peer 0x55a80068fad0 (471 bytes)
1528478114.738050 sending message 105 to peer 0x55a80068fad0 (124 bytes)
1528478114.738060 sending message 105 to peer 0x55a80068fad0 (17 bytes)
1528478114.738070 sending message 105 to peer 0x55a80068fad0 (79 bytes)
1528478114.738081 sending message 105 to peer 0x55a80068fad0 (18 bytes)
1528478114.738091 sending message 105 to peer 0x55a80068fad0 (19 bytes)
1528478114.738101 sending message 105 to peer 0x55a80068fad0 (18 bytes)
1528478114.738111 sending message 105 to peer 0x55a80068fad0 (92 bytes)
1528478114.738136 sending message 105 to peer 0x55a80068fad0 (19 bytes)
1528478114.738147 sending message 105 to peer 0x55a80068fad0 (8 bytes)
1528478114.738157 sending message 105 to peer 0x55a80068fad0 (19 bytes)
1528478114.738169 sending message 105 to peer 0x55a80068fad0 (41 bytes)
1528478114.738195 sending message 105 to peer 0x55a80068fad0 (14 bytes)
1528478114.738210 sending message 105 to peer 0x55a80068fad0 (20 bytes)
1528478114.738220 sending message 105 to peer 0x55a80068fad0 (21 bytes)
1528478114.738231 sending message 105 to peer 0x55a80068fad0 (33 bytes)
1528478114.738241 sending message 105 to peer 0x55a80068fad0 (35 bytes)
1528478114.738251 sending message 105 to peer 0x55a80068fad0 (14 bytes)
1528478114.738262 sending message 105 to peer 0x55a80068fad0 (11 bytes)
1528478114.738272 sending message 105 to peer 0x55a80068fad0 (15 bytes)
1528478114.738282 sending message 105 to peer 0x55a80068fad0 (29 bytes)
1528478114.738292 sending message 105 to peer 0x55a80068fad0 (17 bytes)
1528478114.738302 sending message 105 to peer 0x55a80068fad0 (13 bytes)
1528478114.738312 sending message 105 to peer 0x55a80068fad0 (41 bytes)
1528478114.738322 sending message 105 to peer 0x55a80068fad0 (45 bytes)
1528478114.738332 sending message 105 to peer 0x55a80068fad0 (33 bytes)
1528478114.738343 sending message 105 to peer 0x55a80068fad0 (83 bytes)
1528478114.738353 sending message 105 to peer 0x55a80068fad0 (23 bytes)
1528478114.738363 sending message 105 to peer 0x55a80068fad0 (31 bytes)
1528478114.738373 sending message 105 to peer 0x55a80068fad0 (15 bytes)
1528478114.738384 sending message 105 to peer 0x55a80068fad0 (27 bytes)
1528478114.738394 sending message 105 to peer 0x55a80068fad0 (17 bytes)
1528478114.738405 sending message 105 to peer 0x55a80068fad0 (21 bytes)
1528478114.738415 sending message 105 to peer 0x55a80068fad0 (11 bytes)
1528478114.738425 sending message 105 to peer 0x55a80068fad0 (20 bytes)
1528478114.738435 sending message 105 to peer 0x55a80068fad0 (27 bytes)
1528478114.738445 sending message 105 to peer 0x55a80068fad0 (16 bytes)
1528478114.738455 sending message 105 to peer 0x55a80068fad0 (16 bytes)
1528478114.738466 sending message 106 to peer 0x55a80068fad0 (0 bytes)
1528478114.738478 sending message 200 to peer 0x55a80068fad0 (4 bytes)
1528478114.738488 client loop enter
1528478114.739626 peer 0x55a80068fad0 message 211
1528478114.739679 peer 0x55a80068fad0 message 203
1528478114.739696 client loop exit
